00000000000i[      ] Bochs x86 Emulator 2.6.8
00000000000i[      ]   Built from SVN snapshot on May 3, 2015
00000000000i[      ] Compiled on Mar  7 2024 at 17:13:08
00000000000i[      ] System configuration
00000000000i[      ]   processors: 1 (cores=1, HT threads=1)
00000000000i[      ]   A20 line support: yes
00000000000i[      ] IPS is set to 4000000
00000000000i[      ] CPU configuration
00000000000i[      ]   SMP support: no
00000000000i[      ]   level: 6
00000000000i[      ]   APIC support: xapic
00000000000i[      ]   FPU support: yes
00000000000i[      ]   MMX support: yes
00000000000i[      ]   3dnow! support: no
00000000000i[      ]   SEP support: yes
00000000000i[      ]   SIMD support: sse2
00000000000i[      ]   XSAVE support: no 
00000000000i[      ]   AES support: no
00000000000i[      ]   SHA support: no
00000000000i[      ]   MOVBE support: no
00000000000i[      ]   ADX support: no
00000000000i[      ]   x86-64 support: no
00000000000i[      ]   MWAIT support: yes
00000000000i[      ] Optimization configuration
00000000000i[      ]   RepeatSpeedups support: no
00000000000i[      ]   Fast function calls: no
00000000000i[      ]   Handlers Chaining speedups: no
00000000000i[      ] Devices configuration
00000000000i[      ]   NE2000 support: no
00000000000i[      ]   PCI support: yes, enabled=yes
00000000000i[      ]   SB16 support: no
00000000000i[      ]   USB support: no
00000000000i[      ]   VGA extension support: vbe
00000000000i[MEM0  ] allocated memory at 0x7f6bc58bf010. after alignment, vector=0x7f6bc58c0000
00000000000i[MEM0  ] 512.00MB
00000000000i[MEM0  ] mem block size = 0x00100000, blocks=512
00000000000i[MEM0  ] rom at 0xfffe0000/131072 ('/home/yhy/workspace/cccc/bochs/share/bochs/BIOS-bochs-latest')
00000000000i[PLUGIN] init_dev of 'pci' plugin device by virtual method
00000000000i[DEV   ] i440FX PMC present at device 0, function 0
00000000000i[PLUGIN] init_dev of 'pci2isa' plugin device by virtual method
00000000000i[DEV   ] PIIX3 PCI-to-ISA bridge present at device 1, function 0
00000000000i[PLUGIN] init_dev of 'cmos' plugin device by virtual method
00000000000i[CMOS  ] Using local time for initial clock
00000000000i[CMOS  ] Setting initial clock to: Tue Mar 26 21:07:38 2024 (time0=1711458458)
00000000000i[PLUGIN] init_dev of 'dma' plugin device by virtual method
00000000000i[DMA   ] channel 4 used by cascade
00000000000i[PLUGIN] init_dev of 'pic' plugin device by virtual method
00000000000i[PLUGIN] init_dev of 'pit' plugin device by virtual method
00000000000i[PLUGIN] init_dev of 'vga' plugin device by virtual method
00000000000i[MEM0  ] Register memory access handlers: 0x0000000a0000 - 0x0000000bffff
00000000000i[VGA   ] interval=200000, mode=realtime
00000000000i[MEM0  ] Register memory access handlers: 0x0000e0000000 - 0x0000e0ffffff
00000000000i[BXVGA ] VBE Bochs Display Extension Enabled
00000000000i[XGUI  ] test_alloc_colors: 16 colors available out of 16 colors tried
00000000000i[XGUI  ] font 8 wide x 16 high, display depth = 24
00000000000i[KEYMAP] Loading keymap from '/home/yhy/workspace/cccc/bochs/share/bochs/keymaps/x11-pc-us.map'
00000000000i[KEYMAP] Loaded 168 symbols
00000000000i[MEM0  ] rom at 0xc0000/41472 ('/home/yhy/workspace/cccc/bochs/share/bochs/VGABIOS-lgpl-latest')
00000000000i[PLUGIN] init_dev of 'floppy' plugin device by virtual method
00000000000i[DMA   ] channel 2 used by Floppy Drive
00000000000i[PLUGIN] init_dev of 'acpi' plugin device by virtual method
00000000000i[DEV   ] ACPI Controller present at device 1, function 3
00000000000i[PLUGIN] init_dev of 'ioapic' plugin device by virtual method
00000000000i[IOAPIC] initializing I/O APIC
00000000000i[MEM0  ] Register memory access handlers: 0x0000fec00000 - 0x0000fec00fff
00000000000i[IOAPIC] IOAPIC enabled (base address = 0xfec00000)
00000000000i[PLUGIN] init_dev of 'keyboard' plugin device by virtual method
00000000000i[KBD   ] will paste characters every 400 keyboard ticks
00000000000i[PLUGIN] init_dev of 'harddrv' plugin device by virtual method
00000000000i[HD    ] HD on ata0-0: '/home/yhy/workspace/cccc/bochs/images/hd60M.img', 'flat' mode
00000000000i[IMG   ] hd_size: 62447616
00000000000i[HD    ] ata0-0: using specified geometry: CHS=121/16/63
00000000000i[HD    ] translation on ata0-0 set to 'none'
00000000000i[HD    ] Using boot sequence disk, none, none
00000000000i[HD    ] Floppy boot signature check is enabled
00000000000i[PLUGIN] init_dev of 'pci_ide' plugin device by virtual method
00000000000i[DEV   ] PIIX3 PCI IDE controller present at device 1, function 1
00000000000i[PLUGIN] init_dev of 'unmapped' plugin device by virtual method
00000000000i[PLUGIN] init_dev of 'biosdev' plugin device by virtual method
00000000000i[PLUGIN] init_dev of 'speaker' plugin device by virtual method
00000000000e[PCSPK ] Failed to open /dev/console: Permission denied
00000000000e[PCSPK ] Deactivating beep on console
00000000000i[PLUGIN] init_dev of 'extfpuirq' plugin device by virtual method
00000000000i[PLUGIN] init_dev of 'parallel' plugin device by virtual method
00000000000i[PAR   ] parallel port 1 at 0x0378 irq 7
00000000000i[PLUGIN] init_dev of 'serial' plugin device by virtual method
00000000000i[SER   ] com1 at 0x03f8 irq 4 (mode: null)
00000000000i[PLUGIN] init_dev of 'iodebug' plugin device by virtual method
00000000000i[PLUGIN] register state of 'pci' plugin device by virtual method
00000000000i[PLUGIN] register state of 'pci2isa' plugin device by virtual method
00000000000i[PLUGIN] register state of 'cmos' plugin device by virtual method
00000000000i[PLUGIN] register state of 'dma' plugin device by virtual method
00000000000i[PLUGIN] register state of 'pic' plugin device by virtual method
00000000000i[PLUGIN] register state of 'pit' plugin device by virtual method
00000000000i[PLUGIN] register state of 'vga' plugin device by virtual method
00000000000i[PLUGIN] register state of 'floppy' plugin device by virtual method
00000000000i[PLUGIN] register state of 'unmapped' plugin device by virtual method
00000000000i[PLUGIN] register state of 'biosdev' plugin device by virtual method
00000000000i[PLUGIN] register state of 'speaker' plugin device by virtual method
00000000000i[PLUGIN] register state of 'extfpuirq' plugin device by virtual method
00000000000i[PLUGIN] register state of 'parallel' plugin device by virtual method
00000000000i[PLUGIN] register state of 'serial' plugin device by virtual method
00000000000i[PLUGIN] register state of 'iodebug' plugin device by virtual method
00000000000i[PLUGIN] register state of 'acpi' plugin device by virtual method
00000000000i[PLUGIN] register state of 'ioapic' plugin device by virtual method
00000000000i[PLUGIN] register state of 'keyboard' plugin device by virtual method
00000000000i[PLUGIN] register state of 'harddrv' plugin device by virtual method
00000000000i[PLUGIN] register state of 'pci_ide' plugin device by virtual method
00000000000i[SYS   ] bx_pc_system_c::Reset(HARDWARE) called
00000000000i[CPU0  ] cpu hardware reset
00000000000i[APIC0 ] allocate APIC id=0 (MMIO enabled) to 0x0000fee00000
00000000000i[CPU0  ] CPUID[0x00000000]: 00000005 756e6547 6c65746e 49656e69
00000000000i[CPU0  ] CPUID[0x00000001]: 00000633 00010800 00000008 1fcbfbff
00000000000i[CPU0  ] CPUID[0x00000002]: 00410601 00000000 00000000 00000000
00000000000i[CPU0  ] CPUID[0x00000003]: 00000000 00000000 00000000 00000000
00000000000i[CPU0  ] CPUID[0x00000004]: 00000000 00000000 00000000 00000000
00000000000i[CPU0  ] CPUID[0x00000005]: 00000040 00000040 00000003 00000020
00000000000i[PLUGIN] reset of 'pci' plugin device by virtual method
00000000000i[PLUGIN] reset of 'pci2isa' plugin device by virtual method
00000000000i[PLUGIN] reset of 'cmos' plugin device by virtual method
00000000000i[PLUGIN] reset of 'dma' plugin device by virtual method
00000000000i[PLUGIN] reset of 'pic' plugin device by virtual method
00000000000i[PLUGIN] reset of 'pit' plugin device by virtual method
00000000000i[PLUGIN] reset of 'vga' plugin device by virtual method
00000000000i[PLUGIN] reset of 'floppy' plugin device by virtual method
00000000000i[PLUGIN] reset of 'acpi' plugin device by virtual method
00000000000i[PLUGIN] reset of 'ioapic' plugin device by virtual method
00000000000i[PLUGIN] reset of 'keyboard' plugin device by virtual method
00000000000i[PLUGIN] reset of 'harddrv' plugin device by virtual method
00000000000i[PLUGIN] reset of 'pci_ide' plugin device by virtual method
00000000000i[PLUGIN] reset of 'unmapped' plugin device by virtual method
00000000000i[PLUGIN] reset of 'biosdev' plugin device by virtual method
00000000000i[PLUGIN] reset of 'speaker' plugin device by virtual method
00000000000i[PLUGIN] reset of 'extfpuirq' plugin device by virtual method
00000000000i[PLUGIN] reset of 'parallel' plugin device by virtual method
00000000000i[PLUGIN] reset of 'serial' plugin device by virtual method
00000000000i[PLUGIN] reset of 'iodebug' plugin device by virtual method
00000000000i[      ] set SIGINT handler to bx_debug_ctrlc_handler
00000004661i[BIOS  ] $Revision: 12579 $ $Date: 2014-12-26 11:31:39 +0100 (Fr, 26. Dez 2014) $
00000318064i[KBD   ] reset-disable command received
00000320795i[BIOS  ] Starting rombios32
00000321233i[BIOS  ] Shutdown flag 0
00000321825i[BIOS  ] ram_size=0x20000000
00000322268i[BIOS  ] ram_end=512MB
00000362768i[BIOS  ] Found 1 cpu(s)
00000376972i[BIOS  ] bios_table_addr: 0x000fa498 end=0x000fcc00
00000704767i[PCI   ] i440FX PMC write to PAM register 59 (TLB Flush)
00001032696i[P2ISA ] PCI IRQ routing: PIRQA# set to 0x0b
00001032715i[P2ISA ] PCI IRQ routing: PIRQB# set to 0x09
00001032734i[P2ISA ] PCI IRQ routing: PIRQC# set to 0x0b
00001032753i[P2ISA ] PCI IRQ routing: PIRQD# set to 0x09
00001032763i[P2ISA ] write: ELCR2 = 0x0a
00001033533i[BIOS  ] PIIX3/PIIX4 init: elcr=00 0a
00001041214i[BIOS  ] PCI: bus=0 devfn=0x00: vendor_id=0x8086 device_id=0x1237 class=0x0600
00001043493i[BIOS  ] PCI: bus=0 devfn=0x08: vendor_id=0x8086 device_id=0x7000 class=0x0601
00001045611i[BIOS  ] PCI: bus=0 devfn=0x09: vendor_id=0x8086 device_id=0x7010 class=0x0101
00001045836i[PIDE  ] new BM-DMA address: 0xc000
00001046452i[BIOS  ] region 4: 0x0000c000
00001048486i[BIOS  ] PCI: bus=0 devfn=0x0b: vendor_id=0x8086 device_id=0x7113 class=0x0680
00001048718i[ACPI  ] new irq line = 11
00001048730i[ACPI  ] new irq line = 9
00001048755i[ACPI  ] new PM base address: 0xb000
00001048769i[ACPI  ] new SM base address: 0xb100
00001048797i[PCI   ] setting SMRAM control register to 0x4a
00001212890i[CPU0  ] Enter to System Management Mode
00001212901i[CPU0  ] RSM: Resuming from System Management Mode
00001376922i[PCI   ] setting SMRAM control register to 0x0a
00001391788i[BIOS  ] MP table addr=0x000fa570 MPC table addr=0x000fa4a0 size=0xc8
00001393610i[BIOS  ] SMBIOS table addr=0x000fa580
00001395800i[BIOS  ] ACPI tables: RSDP addr=0x000fa6a0 ACPI DATA addr=0x1fff0000 size=0xf72
00001399034i[BIOS  ] Firmware waking vector 0x1fff00cc
00001400829i[PCI   ] i440FX PMC write to PAM register 59 (TLB Flush)
00001401552i[BIOS  ] bios_table_cur_addr: 0x000fa6c4
00001529169i[VBIOS ] VGABios $Id: vgabios.c,v 1.76 2013/02/10 08:07:03 vruppert Exp $
00001529240i[BXVGA ] VBE known Display Interface b0c0
00001529272i[BXVGA ] VBE known Display Interface b0c5
00001532197i[VBIOS ] VBE Bios $Id: vbe.c,v 1.65 2014/07/08 18:02:25 vruppert Exp $
00001876674i[BIOS  ] ata0-0: PCHS=121/16/63 translation=none LCHS=121/16/63
00005753880i[BIOS  ] IDE time out
00005929184i[XGUI  ] charmap update. Font Height is 16
00017844210i[BIOS  ] Booting from 0000:7c00
00018086958e[CPU0  ] interrupt(): vector must be within IDT table limits, IDT.limit = 0x107
00018585795e[CPU0  ] interrupt(): vector must be within IDT table limits, IDT.limit = 0x107
00019114246e[CPU0  ] interrupt(): vector must be within IDT table limits, IDT.limit = 0x107
00019613083e[CPU0  ] interrupt(): vector must be within IDT table limits, IDT.limit = 0x107
00020141534e[CPU0  ] interrupt(): vector must be within IDT table limits, IDT.limit = 0x107
00020640371e[CPU0  ] interrupt(): vector must be within IDT table limits, IDT.limit = 0x107
00021168822e[CPU0  ] interrupt(): vector must be within IDT table limits, IDT.limit = 0x107
00021412523e[CPU0  ] interrupt(): vector must be within IDT table limits, IDT.limit = 0x107
00021656224e[CPU0  ] interrupt(): vector must be within IDT table limits, IDT.limit = 0x107
00021870311e[CPU0  ] interrupt(): vector must be within IDT table limits, IDT.limit = 0x107
00022398762e[CPU0  ] interrupt(): vector must be within IDT table limits, IDT.limit = 0x107
00022642463e[CPU0  ] interrupt(): vector must be within IDT table limits, IDT.limit = 0x107
00023426050e[CPU0  ] interrupt(): vector must be within IDT table limits, IDT.limit = 0x107
00023669751e[CPU0  ] interrupt(): vector must be within IDT table limits, IDT.limit = 0x107
00024198202e[CPU0  ] interrupt(): vector must be within IDT table limits, IDT.limit = 0x107
00024697039e[CPU0  ] interrupt(): vector must be within IDT table limits, IDT.limit = 0x107
00025225490e[CPU0  ] interrupt(): vector must be within IDT table limits, IDT.limit = 0x107
00025724327e[CPU0  ] interrupt(): vector must be within IDT table limits, IDT.limit = 0x107
00026252778e[CPU0  ] interrupt(): vector must be within IDT table limits, IDT.limit = 0x107
00026751615e[CPU0  ] interrupt(): vector must be within IDT table limits, IDT.limit = 0x107
00027280066e[CPU0  ] interrupt(): vector must be within IDT table limits, IDT.limit = 0x107
00027523767e[CPU0  ] interrupt(): vector must be within IDT table limits, IDT.limit = 0x107
00027767468e[CPU0  ] interrupt(): vector must be within IDT table limits, IDT.limit = 0x107
00028011169e[CPU0  ] interrupt(): vector must be within IDT table limits, IDT.limit = 0x107
00028510006e[CPU0  ] interrupt(): vector must be within IDT table limits, IDT.limit = 0x107
00028753707e[CPU0  ] interrupt(): vector must be within IDT table limits, IDT.limit = 0x107
00029282158e[CPU0  ] interrupt(): vector must be within IDT table limits, IDT.limit = 0x107
00029780995e[CPU0  ] interrupt(): vector must be within IDT table limits, IDT.limit = 0x107
00030309446e[CPU0  ] interrupt(): vector must be within IDT table limits, IDT.limit = 0x107
00030808283e[CPU0  ] interrupt(): vector must be within IDT table limits, IDT.limit = 0x107
00031336734e[CPU0  ] interrupt(): vector must be within IDT table limits, IDT.limit = 0x107
00031835571e[CPU0  ] interrupt(): vector must be within IDT table limits, IDT.limit = 0x107
00032364022e[CPU0  ] interrupt(): vector must be within IDT table limits, IDT.limit = 0x107
00032862859e[CPU0  ] interrupt(): vector must be within IDT table limits, IDT.limit = 0x107
00033391310e[CPU0  ] interrupt(): vector must be within IDT table limits, IDT.limit = 0x107
00033635011e[CPU0  ] interrupt(): vector must be within IDT table limits, IDT.limit = 0x107
00033878712e[CPU0  ] interrupt(): vector must be within IDT table limits, IDT.limit = 0x107
00034122413e[CPU0  ] interrupt(): vector must be within IDT table limits, IDT.limit = 0x107
00034621250e[CPU0  ] interrupt(): vector must be within IDT table limits, IDT.limit = 0x107
00034864951e[CPU0  ] interrupt(): vector must be within IDT table limits, IDT.limit = 0x107
00035393402e[CPU0  ] interrupt(): vector must be within IDT table limits, IDT.limit = 0x107
00035892239e[CPU0  ] interrupt(): vector must be within IDT table limits, IDT.limit = 0x107
00036420690e[CPU0  ] interrupt(): vector must be within IDT table limits, IDT.limit = 0x107
00036919527e[CPU0  ] interrupt(): vector must be within IDT table limits, IDT.limit = 0x107
00037447978e[CPU0  ] interrupt(): vector must be within IDT table limits, IDT.limit = 0x107
00037946815e[CPU0  ] interrupt(): vector must be within IDT table limits, IDT.limit = 0x107
00038475266e[CPU0  ] interrupt(): vector must be within IDT table limits, IDT.limit = 0x107
00038718967e[CPU0  ] interrupt(): vector must be within IDT table limits, IDT.limit = 0x107
00038962668e[CPU0  ] interrupt(): vector must be within IDT table limits, IDT.limit = 0x107
00039206369e[CPU0  ] interrupt(): vector must be within IDT table limits, IDT.limit = 0x107
00039705206e[CPU0  ] interrupt(): vector must be within IDT table limits, IDT.limit = 0x107
00039948907e[CPU0  ] interrupt(): vector must be within IDT table limits, IDT.limit = 0x107
00040477358e[CPU0  ] interrupt(): vector must be within IDT table limits, IDT.limit = 0x107
00040976195e[CPU0  ] interrupt(): vector must be within IDT table limits, IDT.limit = 0x107
00041504646e[CPU0  ] interrupt(): vector must be within IDT table limits, IDT.limit = 0x107
00042003483e[CPU0  ] interrupt(): vector must be within IDT table limits, IDT.limit = 0x107
00042531934e[CPU0  ] interrupt(): vector must be within IDT table limits, IDT.limit = 0x107
00043030771e[CPU0  ] interrupt(): vector must be within IDT table limits, IDT.limit = 0x107
00043559222e[CPU0  ] interrupt(): vector must be within IDT table limits, IDT.limit = 0x107
00044058059e[CPU0  ] interrupt(): vector must be within IDT table limits, IDT.limit = 0x107
00044586510e[CPU0  ] interrupt(): vector must be within IDT table limits, IDT.limit = 0x107
00044830211e[CPU0  ] interrupt(): vector must be within IDT table limits, IDT.limit = 0x107
00045073912e[CPU0  ] interrupt(): vector must be within IDT table limits, IDT.limit = 0x107
00045317613e[CPU0  ] interrupt(): vector must be within IDT table limits, IDT.limit = 0x107
00045816450e[CPU0  ] interrupt(): vector must be within IDT table limits, IDT.limit = 0x107
00046060151e[CPU0  ] interrupt(): vector must be within IDT table limits, IDT.limit = 0x107
00046588602e[CPU0  ] interrupt(): vector must be within IDT table limits, IDT.limit = 0x107
00047087439e[CPU0  ] interrupt(): vector must be within IDT table limits, IDT.limit = 0x107
00047615890e[CPU0  ] interrupt(): vector must be within IDT table limits, IDT.limit = 0x107
00048114727e[CPU0  ] interrupt(): vector must be within IDT table limits, IDT.limit = 0x107
00048643178e[CPU0  ] interrupt(): vector must be within IDT table limits, IDT.limit = 0x107
00049142015e[CPU0  ] interrupt(): vector must be within IDT table limits, IDT.limit = 0x107
00049670466e[CPU0  ] interrupt(): vector must be within IDT table limits, IDT.limit = 0x107
00049914167e[CPU0  ] interrupt(): vector must be within IDT table limits, IDT.limit = 0x107
00050157868e[CPU0  ] interrupt(): vector must be within IDT table limits, IDT.limit = 0x107
00050401569e[CPU0  ] interrupt(): vector must be within IDT table limits, IDT.limit = 0x107
00050900406e[CPU0  ] interrupt(): vector must be within IDT table limits, IDT.limit = 0x107
00051144107e[CPU0  ] interrupt(): vector must be within IDT table limits, IDT.limit = 0x107
00051672558e[CPU0  ] interrupt(): vector must be within IDT table limits, IDT.limit = 0x107
00052171395e[CPU0  ] interrupt(): vector must be within IDT table limits, IDT.limit = 0x107
00052699846e[CPU0  ] interrupt(): vector must be within IDT table limits, IDT.limit = 0x107
00053198683e[CPU0  ] interrupt(): vector must be within IDT table limits, IDT.limit = 0x107
00053727134e[CPU0  ] interrupt(): vector must be within IDT table limits, IDT.limit = 0x107
00054225971e[CPU0  ] interrupt(): vector must be within IDT table limits, IDT.limit = 0x107
00054754422e[CPU0  ] interrupt(): vector must be within IDT table limits, IDT.limit = 0x107
00055253259e[CPU0  ] interrupt(): vector must be within IDT table limits, IDT.limit = 0x107
00055781710e[CPU0  ] interrupt(): vector must be within IDT table limits, IDT.limit = 0x107
00056025411e[CPU0  ] interrupt(): vector must be within IDT table limits, IDT.limit = 0x107
00056269112e[CPU0  ] interrupt(): vector must be within IDT table limits, IDT.limit = 0x107
00056512813e[CPU0  ] interrupt(): vector must be within IDT table limits, IDT.limit = 0x107
00057011650e[CPU0  ] interrupt(): vector must be within IDT table limits, IDT.limit = 0x107
00057255351e[CPU0  ] interrupt(): vector must be within IDT table limits, IDT.limit = 0x107
00057783802e[CPU0  ] interrupt(): vector must be within IDT table limits, IDT.limit = 0x107
00058282639e[CPU0  ] interrupt(): vector must be within IDT table limits, IDT.limit = 0x107
00058811090e[CPU0  ] interrupt(): vector must be within IDT table limits, IDT.limit = 0x107
00059309927e[CPU0  ] interrupt(): vector must be within IDT table limits, IDT.limit = 0x107
00059838378e[CPU0  ] interrupt(): vector must be within IDT table limits, IDT.limit = 0x107
00060337215e[CPU0  ] interrupt(): vector must be within IDT table limits, IDT.limit = 0x107
00060865666e[CPU0  ] interrupt(): vector must be within IDT table limits, IDT.limit = 0x107
00061109367e[CPU0  ] interrupt(): vector must be within IDT table limits, IDT.limit = 0x107
00061353068e[CPU0  ] interrupt(): vector must be within IDT table limits, IDT.limit = 0x107
00061567155e[CPU0  ] interrupt(): vector must be within IDT table limits, IDT.limit = 0x107
00062095606e[CPU0  ] interrupt(): vector must be within IDT table limits, IDT.limit = 0x107
00062339307e[CPU0  ] interrupt(): vector must be within IDT table limits, IDT.limit = 0x107
00063122894e[CPU0  ] interrupt(): vector must be within IDT table limits, IDT.limit = 0x107
00063366595e[CPU0  ] interrupt(): vector must be within IDT table limits, IDT.limit = 0x107
00063895046e[CPU0  ] interrupt(): vector must be within IDT table limits, IDT.limit = 0x107
00064393883e[CPU0  ] interrupt(): vector must be within IDT table limits, IDT.limit = 0x107
00064922334e[CPU0  ] interrupt(): vector must be within IDT table limits, IDT.limit = 0x107
00065421171e[CPU0  ] interrupt(): vector must be within IDT table limits, IDT.limit = 0x107
00065949622e[CPU0  ] interrupt(): vector must be within IDT table limits, IDT.limit = 0x107
00066448459e[CPU0  ] interrupt(): vector must be within IDT table limits, IDT.limit = 0x107
00066976910e[CPU0  ] interrupt(): vector must be within IDT table limits, IDT.limit = 0x107
00067220611e[CPU0  ] interrupt(): vector must be within IDT table limits, IDT.limit = 0x107
00067464312e[CPU0  ] interrupt(): vector must be within IDT table limits, IDT.limit = 0x107
00067708013e[CPU0  ] interrupt(): vector must be within IDT table limits, IDT.limit = 0x107
00068206850e[CPU0  ] interrupt(): vector must be within IDT table limits, IDT.limit = 0x107
00068450551e[CPU0  ] interrupt(): vector must be within IDT table limits, IDT.limit = 0x107
00068979002e[CPU0  ] interrupt(): vector must be within IDT table limits, IDT.limit = 0x107
00069477839e[CPU0  ] interrupt(): vector must be within IDT table limits, IDT.limit = 0x107
00070006290e[CPU0  ] interrupt(): vector must be within IDT table limits, IDT.limit = 0x107
00070505127e[CPU0  ] interrupt(): vector must be within IDT table limits, IDT.limit = 0x107
00071033578e[CPU0  ] interrupt(): vector must be within IDT table limits, IDT.limit = 0x107
00071532415e[CPU0  ] interrupt(): vector must be within IDT table limits, IDT.limit = 0x107
00072060866e[CPU0  ] interrupt(): vector must be within IDT table limits, IDT.limit = 0x107
00072559703e[CPU0  ] interrupt(): vector must be within IDT table limits, IDT.limit = 0x107
00073088154e[CPU0  ] interrupt(): vector must be within IDT table limits, IDT.limit = 0x107
00073331855e[CPU0  ] interrupt(): vector must be within IDT table limits, IDT.limit = 0x107
00073575556e[CPU0  ] interrupt(): vector must be within IDT table limits, IDT.limit = 0x107
00073819257e[CPU0  ] interrupt(): vector must be within IDT table limits, IDT.limit = 0x107
00074318094e[CPU0  ] interrupt(): vector must be within IDT table limits, IDT.limit = 0x107
00074561795e[CPU0  ] interrupt(): vector must be within IDT table limits, IDT.limit = 0x107
00075090246e[CPU0  ] interrupt(): vector must be within IDT table limits, IDT.limit = 0x107
00075589083e[CPU0  ] interrupt(): vector must be within IDT table limits, IDT.limit = 0x107
00076117534e[CPU0  ] interrupt(): vector must be within IDT table limits, IDT.limit = 0x107
00076616371e[CPU0  ] interrupt(): vector must be within IDT table limits, IDT.limit = 0x107
00077144822e[CPU0  ] interrupt(): vector must be within IDT table limits, IDT.limit = 0x107
00077643659e[CPU0  ] interrupt(): vector must be within IDT table limits, IDT.limit = 0x107
00078172110e[CPU0  ] interrupt(): vector must be within IDT table limits, IDT.limit = 0x107
00078415811e[CPU0  ] interrupt(): vector must be within IDT table limits, IDT.limit = 0x107
00078659512e[CPU0  ] interrupt(): vector must be within IDT table limits, IDT.limit = 0x107
00078903213e[CPU0  ] interrupt(): vector must be within IDT table limits, IDT.limit = 0x107
00079402050e[CPU0  ] interrupt(): vector must be within IDT table limits, IDT.limit = 0x107
00079645751e[CPU0  ] interrupt(): vector must be within IDT table limits, IDT.limit = 0x107
00080174202e[CPU0  ] interrupt(): vector must be within IDT table limits, IDT.limit = 0x107
00080673039e[CPU0  ] interrupt(): vector must be within IDT table limits, IDT.limit = 0x107
00081201490e[CPU0  ] interrupt(): vector must be within IDT table limits, IDT.limit = 0x107
00081700327e[CPU0  ] interrupt(): vector must be within IDT table limits, IDT.limit = 0x107
00082228778e[CPU0  ] interrupt(): vector must be within IDT table limits, IDT.limit = 0x107
00082727615e[CPU0  ] interrupt(): vector must be within IDT table limits, IDT.limit = 0x107
00083256066e[CPU0  ] interrupt(): vector must be within IDT table limits, IDT.limit = 0x107
00083754903e[CPU0  ] interrupt(): vector must be within IDT table limits, IDT.limit = 0x107
00084283354e[CPU0  ] interrupt(): vector must be within IDT table limits, IDT.limit = 0x107
00084527055e[CPU0  ] interrupt(): vector must be within IDT table limits, IDT.limit = 0x107
00084770756e[CPU0  ] interrupt(): vector must be within IDT table limits, IDT.limit = 0x107
00085014457e[CPU0  ] interrupt(): vector must be within IDT table limits, IDT.limit = 0x107
00085513294e[CPU0  ] interrupt(): vector must be within IDT table limits, IDT.limit = 0x107
00085756995e[CPU0  ] interrupt(): vector must be within IDT table limits, IDT.limit = 0x107
00086285446e[CPU0  ] interrupt(): vector must be within IDT table limits, IDT.limit = 0x107
00086784283e[CPU0  ] interrupt(): vector must be within IDT table limits, IDT.limit = 0x107
00087312734e[CPU0  ] interrupt(): vector must be within IDT table limits, IDT.limit = 0x107
00087811571e[CPU0  ] interrupt(): vector must be within IDT table limits, IDT.limit = 0x107
00088340022e[CPU0  ] interrupt(): vector must be within IDT table limits, IDT.limit = 0x107
00088838859e[CPU0  ] interrupt(): vector must be within IDT table limits, IDT.limit = 0x107
00089367310e[CPU0  ] interrupt(): vector must be within IDT table limits, IDT.limit = 0x107
00089611011e[CPU0  ] interrupt(): vector must be within IDT table limits, IDT.limit = 0x107
00089854712e[CPU0  ] interrupt(): vector must be within IDT table limits, IDT.limit = 0x107
00090098413e[CPU0  ] interrupt(): vector must be within IDT table limits, IDT.limit = 0x107
00090597250e[CPU0  ] interrupt(): vector must be within IDT table limits, IDT.limit = 0x107
00090840951e[CPU0  ] interrupt(): vector must be within IDT table limits, IDT.limit = 0x107
00091369402e[CPU0  ] interrupt(): vector must be within IDT table limits, IDT.limit = 0x107
00091868239e[CPU0  ] interrupt(): vector must be within IDT table limits, IDT.limit = 0x107
00092396690e[CPU0  ] interrupt(): vector must be within IDT table limits, IDT.limit = 0x107
00092895527e[CPU0  ] interrupt(): vector must be within IDT table limits, IDT.limit = 0x107
00093423978e[CPU0  ] interrupt(): vector must be within IDT table limits, IDT.limit = 0x107
00093922815e[CPU0  ] interrupt(): vector must be within IDT table limits, IDT.limit = 0x107
00094451266e[CPU0  ] interrupt(): vector must be within IDT table limits, IDT.limit = 0x107
00094950103e[CPU0  ] interrupt(): vector must be within IDT table limits, IDT.limit = 0x107
00095478554e[CPU0  ] interrupt(): vector must be within IDT table limits, IDT.limit = 0x107
00095722255e[CPU0  ] interrupt(): vector must be within IDT table limits, IDT.limit = 0x107
00095965956e[CPU0  ] interrupt(): vector must be within IDT table limits, IDT.limit = 0x107
00096209657e[CPU0  ] interrupt(): vector must be within IDT table limits, IDT.limit = 0x107
00096708494e[CPU0  ] interrupt(): vector must be within IDT table limits, IDT.limit = 0x107
00096952195e[CPU0  ] interrupt(): vector must be within IDT table limits, IDT.limit = 0x107
00097480646e[CPU0  ] interrupt(): vector must be within IDT table limits, IDT.limit = 0x107
00097979483e[CPU0  ] interrupt(): vector must be within IDT table limits, IDT.limit = 0x107
00098507934e[CPU0  ] interrupt(): vector must be within IDT table limits, IDT.limit = 0x107
00099006771e[CPU0  ] interrupt(): vector must be within IDT table limits, IDT.limit = 0x107
00099535222e[CPU0  ] interrupt(): vector must be within IDT table limits, IDT.limit = 0x107
00100034059e[CPU0  ] interrupt(): vector must be within IDT table limits, IDT.limit = 0x107
00100562510e[CPU0  ] interrupt(): vector must be within IDT table limits, IDT.limit = 0x107
00100806211e[CPU0  ] interrupt(): vector must be within IDT table limits, IDT.limit = 0x107
00101049912e[CPU0  ] interrupt(): vector must be within IDT table limits, IDT.limit = 0x107
00101293613e[CPU0  ] interrupt(): vector must be within IDT table limits, IDT.limit = 0x107
00101792450e[CPU0  ] interrupt(): vector must be within IDT table limits, IDT.limit = 0x107
00102036151e[CPU0  ] interrupt(): vector must be within IDT table limits, IDT.limit = 0x107
00102819738e[CPU0  ] interrupt(): vector must be within IDT table limits, IDT.limit = 0x107
00103063439e[CPU0  ] interrupt(): vector must be within IDT table limits, IDT.limit = 0x107
00103591890e[CPU0  ] interrupt(): vector must be within IDT table limits, IDT.limit = 0x107
00104090727e[CPU0  ] interrupt(): vector must be within IDT table limits, IDT.limit = 0x107
00104619178e[CPU0  ] interrupt(): vector must be within IDT table limits, IDT.limit = 0x107
00105118015e[CPU0  ] interrupt(): vector must be within IDT table limits, IDT.limit = 0x107
00105646466e[CPU0  ] interrupt(): vector must be within IDT table limits, IDT.limit = 0x107
00106145303e[CPU0  ] interrupt(): vector must be within IDT table limits, IDT.limit = 0x107
00106673754e[CPU0  ] interrupt(): vector must be within IDT table limits, IDT.limit = 0x107
00106917455e[CPU0  ] interrupt(): vector must be within IDT table limits, IDT.limit = 0x107
00107161156e[CPU0  ] interrupt(): vector must be within IDT table limits, IDT.limit = 0x107
00107404857e[CPU0  ] interrupt(): vector must be within IDT table limits, IDT.limit = 0x107
00107903694e[CPU0  ] interrupt(): vector must be within IDT table limits, IDT.limit = 0x107
00108147395e[CPU0  ] interrupt(): vector must be within IDT table limits, IDT.limit = 0x107
00108675846e[CPU0  ] interrupt(): vector must be within IDT table limits, IDT.limit = 0x107
00109174683e[CPU0  ] interrupt(): vector must be within IDT table limits, IDT.limit = 0x107
00109703134e[CPU0  ] interrupt(): vector must be within IDT table limits, IDT.limit = 0x107
00110201971e[CPU0  ] interrupt(): vector must be within IDT table limits, IDT.limit = 0x107
00110730422e[CPU0  ] interrupt(): vector must be within IDT table limits, IDT.limit = 0x107
00111229259e[CPU0  ] interrupt(): vector must be within IDT table limits, IDT.limit = 0x107
00111757710e[CPU0  ] interrupt(): vector must be within IDT table limits, IDT.limit = 0x107
00112256547e[CPU0  ] interrupt(): vector must be within IDT table limits, IDT.limit = 0x107
00112784998e[CPU0  ] interrupt(): vector must be within IDT table limits, IDT.limit = 0x107
00113028699e[CPU0  ] interrupt(): vector must be within IDT table limits, IDT.limit = 0x107
00113272400e[CPU0  ] interrupt(): vector must be within IDT table limits, IDT.limit = 0x107
00113516101e[CPU0  ] interrupt(): vector must be within IDT table limits, IDT.limit = 0x107
00114014938e[CPU0  ] interrupt(): vector must be within IDT table limits, IDT.limit = 0x107
00114258639e[CPU0  ] interrupt(): vector must be within IDT table limits, IDT.limit = 0x107
00114787090e[CPU0  ] interrupt(): vector must be within IDT table limits, IDT.limit = 0x107
00115285927e[CPU0  ] interrupt(): vector must be within IDT table limits, IDT.limit = 0x107
00115814378e[CPU0  ] interrupt(): vector must be within IDT table limits, IDT.limit = 0x107
00116313215e[CPU0  ] interrupt(): vector must be within IDT table limits, IDT.limit = 0x107
00116841666e[CPU0  ] interrupt(): vector must be within IDT table limits, IDT.limit = 0x107
00117340503e[CPU0  ] interrupt(): vector must be within IDT table limits, IDT.limit = 0x107
00117868954e[CPU0  ] interrupt(): vector must be within IDT table limits, IDT.limit = 0x107
00118112655e[CPU0  ] interrupt(): vector must be within IDT table limits, IDT.limit = 0x107
00118356356e[CPU0  ] interrupt(): vector must be within IDT table limits, IDT.limit = 0x107
00118600057e[CPU0  ] interrupt(): vector must be within IDT table limits, IDT.limit = 0x107
00119098894e[CPU0  ] interrupt(): vector must be within IDT table limits, IDT.limit = 0x107
00119342595e[CPU0  ] interrupt(): vector must be within IDT table limits, IDT.limit = 0x107
00119871046e[CPU0  ] interrupt(): vector must be within IDT table limits, IDT.limit = 0x107
00120369883e[CPU0  ] interrupt(): vector must be within IDT table limits, IDT.limit = 0x107
00120898334e[CPU0  ] interrupt(): vector must be within IDT table limits, IDT.limit = 0x107
00121397171e[CPU0  ] interrupt(): vector must be within IDT table limits, IDT.limit = 0x107
00121925622e[CPU0  ] interrupt(): vector must be within IDT table limits, IDT.limit = 0x107
00122424459e[CPU0  ] interrupt(): vector must be within IDT table limits, IDT.limit = 0x107
00122952910e[CPU0  ] interrupt(): vector must be within IDT table limits, IDT.limit = 0x107
00123451747e[CPU0  ] interrupt(): vector must be within IDT table limits, IDT.limit = 0x107
00123980198e[CPU0  ] interrupt(): vector must be within IDT table limits, IDT.limit = 0x107
00124223899e[CPU0  ] interrupt(): vector must be within IDT table limits, IDT.limit = 0x107
00124467600e[CPU0  ] interrupt(): vector must be within IDT table limits, IDT.limit = 0x107
00124711301e[CPU0  ] interrupt(): vector must be within IDT table limits, IDT.limit = 0x107
00125210138e[CPU0  ] interrupt(): vector must be within IDT table limits, IDT.limit = 0x107
00125453839e[CPU0  ] interrupt(): vector must be within IDT table limits, IDT.limit = 0x107
00125982290e[CPU0  ] interrupt(): vector must be within IDT table limits, IDT.limit = 0x107
00126481127e[CPU0  ] interrupt(): vector must be within IDT table limits, IDT.limit = 0x107
00127009578e[CPU0  ] interrupt(): vector must be within IDT table limits, IDT.limit = 0x107
00127508415e[CPU0  ] interrupt(): vector must be within IDT table limits, IDT.limit = 0x107
00128036866e[CPU0  ] interrupt(): vector must be within IDT table limits, IDT.limit = 0x107
00128535703e[CPU0  ] interrupt(): vector must be within IDT table limits, IDT.limit = 0x107
00129064154e[CPU0  ] interrupt(): vector must be within IDT table limits, IDT.limit = 0x107
00129307855e[CPU0  ] interrupt(): vector must be within IDT table limits, IDT.limit = 0x107
00129551556e[CPU0  ] interrupt(): vector must be within IDT table limits, IDT.limit = 0x107
00129795257e[CPU0  ] interrupt(): vector must be within IDT table limits, IDT.limit = 0x107
00130294094e[CPU0  ] interrupt(): vector must be within IDT table limits, IDT.limit = 0x107
00130537795e[CPU0  ] interrupt(): vector must be within IDT table limits, IDT.limit = 0x107
00131066246e[CPU0  ] interrupt(): vector must be within IDT table limits, IDT.limit = 0x107
00131565083e[CPU0  ] interrupt(): vector must be within IDT table limits, IDT.limit = 0x107
00132093534e[CPU0  ] interrupt(): vector must be within IDT table limits, IDT.limit = 0x107
00132592371e[CPU0  ] interrupt(): vector must be within IDT table limits, IDT.limit = 0x107
00133120822e[CPU0  ] interrupt(): vector must be within IDT table limits, IDT.limit = 0x107
00133619659e[CPU0  ] interrupt(): vector must be within IDT table limits, IDT.limit = 0x107
00134148110e[CPU0  ] interrupt(): vector must be within IDT table limits, IDT.limit = 0x107
00134646947e[CPU0  ] interrupt(): vector must be within IDT table limits, IDT.limit = 0x107
00135175398e[CPU0  ] interrupt(): vector must be within IDT table limits, IDT.limit = 0x107
00135419099e[CPU0  ] interrupt(): vector must be within IDT table limits, IDT.limit = 0x107
00135662800e[CPU0  ] interrupt(): vector must be within IDT table limits, IDT.limit = 0x107
00135906501e[CPU0  ] interrupt(): vector must be within IDT table limits, IDT.limit = 0x107
00136405338e[CPU0  ] interrupt(): vector must be within IDT table limits, IDT.limit = 0x107
00136649039e[CPU0  ] interrupt(): vector must be within IDT table limits, IDT.limit = 0x107
00137177490e[CPU0  ] interrupt(): vector must be within IDT table limits, IDT.limit = 0x107
00137676327e[CPU0  ] interrupt(): vector must be within IDT table limits, IDT.limit = 0x107
00138204778e[CPU0  ] interrupt(): vector must be within IDT table limits, IDT.limit = 0x107
00138703615e[CPU0  ] interrupt(): vector must be within IDT table limits, IDT.limit = 0x107
00139232066e[CPU0  ] interrupt(): vector must be within IDT table limits, IDT.limit = 0x107
00139730903e[CPU0  ] interrupt(): vector must be within IDT table limits, IDT.limit = 0x107
00140259354e[CPU0  ] interrupt(): vector must be within IDT table limits, IDT.limit = 0x107
00140503055e[CPU0  ] interrupt(): vector must be within IDT table limits, IDT.limit = 0x107
00140746756e[CPU0  ] interrupt(): vector must be within IDT table limits, IDT.limit = 0x107
00140990457e[CPU0  ] interrupt(): vector must be within IDT table limits, IDT.limit = 0x107
00141489294e[CPU0  ] interrupt(): vector must be within IDT table limits, IDT.limit = 0x107
00141732995e[CPU0  ] interrupt(): vector must be within IDT table limits, IDT.limit = 0x107
00142261446e[CPU0  ] interrupt(): vector must be within IDT table limits, IDT.limit = 0x107
00142760283e[CPU0  ] interrupt(): vector must be within IDT table limits, IDT.limit = 0x107
00143288734e[CPU0  ] interrupt(): vector must be within IDT table limits, IDT.limit = 0x107
00143787571e[CPU0  ] interrupt(): vector must be within IDT table limits, IDT.limit = 0x107
00144316022e[CPU0  ] interrupt(): vector must be within IDT table limits, IDT.limit = 0x107
00144814859e[CPU0  ] interrupt(): vector must be within IDT table limits, IDT.limit = 0x107
00145343310e[CPU0  ] interrupt(): vector must be within IDT table limits, IDT.limit = 0x107
00145842147e[CPU0  ] interrupt(): vector must be within IDT table limits, IDT.limit = 0x107
00146370598e[CPU0  ] interrupt(): vector must be within IDT table limits, IDT.limit = 0x107
00146614299e[CPU0  ] interrupt(): vector must be within IDT table limits, IDT.limit = 0x107
00146858000e[CPU0  ] interrupt(): vector must be within IDT table limits, IDT.limit = 0x107
00147101701e[CPU0  ] interrupt(): vector must be within IDT table limits, IDT.limit = 0x107
00147600538e[CPU0  ] interrupt(): vector must be within IDT table limits, IDT.limit = 0x107
00147844239e[CPU0  ] interrupt(): vector must be within IDT table limits, IDT.limit = 0x107
00148372690e[CPU0  ] interrupt(): vector must be within IDT table limits, IDT.limit = 0x107
00148871527e[CPU0  ] interrupt(): vector must be within IDT table limits, IDT.limit = 0x107
00149399978e[CPU0  ] interrupt(): vector must be within IDT table limits, IDT.limit = 0x107
00149898815e[CPU0  ] interrupt(): vector must be within IDT table limits, IDT.limit = 0x107
00150427266e[CPU0  ] interrupt(): vector must be within IDT table limits, IDT.limit = 0x107
00150926103e[CPU0  ] interrupt(): vector must be within IDT table limits, IDT.limit = 0x107
00151454554e[CPU0  ] interrupt(): vector must be within IDT table limits, IDT.limit = 0x107
00151698255e[CPU0  ] interrupt(): vector must be within IDT table limits, IDT.limit = 0x107
00151941956e[CPU0  ] interrupt(): vector must be within IDT table limits, IDT.limit = 0x107
00152156043e[CPU0  ] interrupt(): vector must be within IDT table limits, IDT.limit = 0x107
00152684494e[CPU0  ] interrupt(): vector must be within IDT table limits, IDT.limit = 0x107
00152928195e[CPU0  ] interrupt(): vector must be within IDT table limits, IDT.limit = 0x107
00153711782e[CPU0  ] interrupt(): vector must be within IDT table limits, IDT.limit = 0x107
00153955483e[CPU0  ] interrupt(): vector must be within IDT table limits, IDT.limit = 0x107
00154483934e[CPU0  ] interrupt(): vector must be within IDT table limits, IDT.limit = 0x107
00154982771e[CPU0  ] interrupt(): vector must be within IDT table limits, IDT.limit = 0x107
00155511222e[CPU0  ] interrupt(): vector must be within IDT table limits, IDT.limit = 0x107
00156010059e[CPU0  ] interrupt(): vector must be within IDT table limits, IDT.limit = 0x107
00156538510e[CPU0  ] interrupt(): vector must be within IDT table limits, IDT.limit = 0x107
00157037347e[CPU0  ] interrupt(): vector must be within IDT table limits, IDT.limit = 0x107
00157565798e[CPU0  ] interrupt(): vector must be within IDT table limits, IDT.limit = 0x107
00157809499e[CPU0  ] interrupt(): vector must be within IDT table limits, IDT.limit = 0x107
00158053200e[CPU0  ] interrupt(): vector must be within IDT table limits, IDT.limit = 0x107
00158296901e[CPU0  ] interrupt(): vector must be within IDT table limits, IDT.limit = 0x107
00158795738e[CPU0  ] interrupt(): vector must be within IDT table limits, IDT.limit = 0x107
00159039439e[CPU0  ] interrupt(): vector must be within IDT table limits, IDT.limit = 0x107
00159567890e[CPU0  ] interrupt(): vector must be within IDT table limits, IDT.limit = 0x107
00160066727e[CPU0  ] interrupt(): vector must be within IDT table limits, IDT.limit = 0x107
00160595178e[CPU0  ] interrupt(): vector must be within IDT table limits, IDT.limit = 0x107
00161094015e[CPU0  ] interrupt(): vector must be within IDT table limits, IDT.limit = 0x107
00161622466e[CPU0  ] interrupt(): vector must be within IDT table limits, IDT.limit = 0x107
00162121303e[CPU0  ] interrupt(): vector must be within IDT table limits, IDT.limit = 0x107
00162649754e[CPU0  ] interrupt(): vector must be within IDT table limits, IDT.limit = 0x107
00163148591e[CPU0  ] interrupt(): vector must be within IDT table limits, IDT.limit = 0x107
00163677042e[CPU0  ] interrupt(): vector must be within IDT table limits, IDT.limit = 0x107
00163920743e[CPU0  ] interrupt(): vector must be within IDT table limits, IDT.limit = 0x107
00164164444e[CPU0  ] interrupt(): vector must be within IDT table limits, IDT.limit = 0x107
00164408145e[CPU0  ] interrupt(): vector must be within IDT table limits, IDT.limit = 0x107
00164906982e[CPU0  ] interrupt(): vector must be within IDT table limits, IDT.limit = 0x107
00165150683e[CPU0  ] interrupt(): vector must be within IDT table limits, IDT.limit = 0x107
00165679134e[CPU0  ] interrupt(): vector must be within IDT table limits, IDT.limit = 0x107
00166177971e[CPU0  ] interrupt(): vector must be within IDT table limits, IDT.limit = 0x107
00166706422e[CPU0  ] interrupt(): vector must be within IDT table limits, IDT.limit = 0x107
00167205259e[CPU0  ] interrupt(): vector must be within IDT table limits, IDT.limit = 0x107
00167733710e[CPU0  ] interrupt(): vector must be within IDT table limits, IDT.limit = 0x107
00168232547e[CPU0  ] interrupt(): vector must be within IDT table limits, IDT.limit = 0x107
00168760998e[CPU0  ] interrupt(): vector must be within IDT table limits, IDT.limit = 0x107
00169004699e[CPU0  ] interrupt(): vector must be within IDT table limits, IDT.limit = 0x107
00169248400e[CPU0  ] interrupt(): vector must be within IDT table limits, IDT.limit = 0x107
00169492101e[CPU0  ] interrupt(): vector must be within IDT table limits, IDT.limit = 0x107
00169990938e[CPU0  ] interrupt(): vector must be within IDT table limits, IDT.limit = 0x107
00170234639e[CPU0  ] interrupt(): vector must be within IDT table limits, IDT.limit = 0x107
00170763090e[CPU0  ] interrupt(): vector must be within IDT table limits, IDT.limit = 0x107
00171261927e[CPU0  ] interrupt(): vector must be within IDT table limits, IDT.limit = 0x107
00171790378e[CPU0  ] interrupt(): vector must be within IDT table limits, IDT.limit = 0x107
00172289215e[CPU0  ] interrupt(): vector must be within IDT table limits, IDT.limit = 0x107
00172817666e[CPU0  ] interrupt(): vector must be within IDT table limits, IDT.limit = 0x107
00173316503e[CPU0  ] interrupt(): vector must be within IDT table limits, IDT.limit = 0x107
00173844954e[CPU0  ] interrupt(): vector must be within IDT table limits, IDT.limit = 0x107
00174343791e[CPU0  ] interrupt(): vector must be within IDT table limits, IDT.limit = 0x107
00174872242e[CPU0  ] interrupt(): vector must be within IDT table limits, IDT.limit = 0x107
00175115943e[CPU0  ] interrupt(): vector must be within IDT table limits, IDT.limit = 0x107
00175359644e[CPU0  ] interrupt(): vector must be within IDT table limits, IDT.limit = 0x107
00175603345e[CPU0  ] interrupt(): vector must be within IDT table limits, IDT.limit = 0x107
00176102182e[CPU0  ] interrupt(): vector must be within IDT table limits, IDT.limit = 0x107
00176345883e[CPU0  ] interrupt(): vector must be within IDT table limits, IDT.limit = 0x107
00176874334e[CPU0  ] interrupt(): vector must be within IDT table limits, IDT.limit = 0x107
00177373171e[CPU0  ] interrupt(): vector must be within IDT table limits, IDT.limit = 0x107
00177901622e[CPU0  ] interrupt(): vector must be within IDT table limits, IDT.limit = 0x107
00178400459e[CPU0  ] interrupt(): vector must be within IDT table limits, IDT.limit = 0x107
00178928910e[CPU0  ] interrupt(): vector must be within IDT table limits, IDT.limit = 0x107
00179427747e[CPU0  ] interrupt(): vector must be within IDT table limits, IDT.limit = 0x107
00179956198e[CPU0  ] interrupt(): vector must be within IDT table limits, IDT.limit = 0x107
00180199899e[CPU0  ] interrupt(): vector must be within IDT table limits, IDT.limit = 0x107
00180443600e[CPU0  ] interrupt(): vector must be within IDT table limits, IDT.limit = 0x107
00180687301e[CPU0  ] interrupt(): vector must be within IDT table limits, IDT.limit = 0x107
00181186138e[CPU0  ] interrupt(): vector must be within IDT table limits, IDT.limit = 0x107
00181429839e[CPU0  ] interrupt(): vector must be within IDT table limits, IDT.limit = 0x107
00181958290e[CPU0  ] interrupt(): vector must be within IDT table limits, IDT.limit = 0x107
00182457127e[CPU0  ] interrupt(): vector must be within IDT table limits, IDT.limit = 0x107
00182985578e[CPU0  ] interrupt(): vector must be within IDT table limits, IDT.limit = 0x107
00183484415e[CPU0  ] interrupt(): vector must be within IDT table limits, IDT.limit = 0x107
00184012866e[CPU0  ] interrupt(): vector must be within IDT table limits, IDT.limit = 0x107
00184511703e[CPU0  ] interrupt(): vector must be within IDT table limits, IDT.limit = 0x107
00185040154e[CPU0  ] interrupt(): vector must be within IDT table limits, IDT.limit = 0x107
00185538991e[CPU0  ] interrupt(): vector must be within IDT table limits, IDT.limit = 0x107
00186067442e[CPU0  ] interrupt(): vector must be within IDT table limits, IDT.limit = 0x107
00186311143e[CPU0  ] interrupt(): vector must be within IDT table limits, IDT.limit = 0x107
00186554844e[CPU0  ] interrupt(): vector must be within IDT table limits, IDT.limit = 0x107
00186798545e[CPU0  ] interrupt(): vector must be within IDT table limits, IDT.limit = 0x107
00187297382e[CPU0  ] interrupt(): vector must be within IDT table limits, IDT.limit = 0x107
00187541083e[CPU0  ] interrupt(): vector must be within IDT table limits, IDT.limit = 0x107
00188069534e[CPU0  ] interrupt(): vector must be within IDT table limits, IDT.limit = 0x107
00188568371e[CPU0  ] interrupt(): vector must be within IDT table limits, IDT.limit = 0x107
00189096822e[CPU0  ] interrupt(): vector must be within IDT table limits, IDT.limit = 0x107
00189595659e[CPU0  ] interrupt(): vector must be within IDT table limits, IDT.limit = 0x107
00190124110e[CPU0  ] interrupt(): vector must be within IDT table limits, IDT.limit = 0x107
00190622947e[CPU0  ] interrupt(): vector must be within IDT table limits, IDT.limit = 0x107
00191151398e[CPU0  ] interrupt(): vector must be within IDT table limits, IDT.limit = 0x107
00191395099e[CPU0  ] interrupt(): vector must be within IDT table limits, IDT.limit = 0x107
00191638800e[CPU0  ] interrupt(): vector must be within IDT table limits, IDT.limit = 0x107
00191852887e[CPU0  ] interrupt(): vector must be within IDT table limits, IDT.limit = 0x107
00192381338e[CPU0  ] interrupt(): vector must be within IDT table limits, IDT.limit = 0x107
00192625039e[CPU0  ] interrupt(): vector must be within IDT table limits, IDT.limit = 0x107
00193408626e[CPU0  ] interrupt(): vector must be within IDT table limits, IDT.limit = 0x107
00193652327e[CPU0  ] interrupt(): vector must be within IDT table limits, IDT.limit = 0x107
00194180778e[CPU0  ] interrupt(): vector must be within IDT table limits, IDT.limit = 0x107
00194679615e[CPU0  ] interrupt(): vector must be within IDT table limits, IDT.limit = 0x107
00195208066e[CPU0  ] interrupt(): vector must be within IDT table limits, IDT.limit = 0x107
00195706903e[CPU0  ] interrupt(): vector must be within IDT table limits, IDT.limit = 0x107
00196235354e[CPU0  ] interrupt(): vector must be within IDT table limits, IDT.limit = 0x107
00196734191e[CPU0  ] interrupt(): vector must be within IDT table limits, IDT.limit = 0x107
00197262642e[CPU0  ] interrupt(): vector must be within IDT table limits, IDT.limit = 0x107
00197506343e[CPU0  ] interrupt(): vector must be within IDT table limits, IDT.limit = 0x107
00197750044e[CPU0  ] interrupt(): vector must be within IDT table limits, IDT.limit = 0x107
00197993745e[CPU0  ] interrupt(): vector must be within IDT table limits, IDT.limit = 0x107
00198492582e[CPU0  ] interrupt(): vector must be within IDT table limits, IDT.limit = 0x107
00198736283e[CPU0  ] interrupt(): vector must be within IDT table limits, IDT.limit = 0x107
00199264734e[CPU0  ] interrupt(): vector must be within IDT table limits, IDT.limit = 0x107
00199763571e[CPU0  ] interrupt(): vector must be within IDT table limits, IDT.limit = 0x107
00200292022e[CPU0  ] interrupt(): vector must be within IDT table limits, IDT.limit = 0x107
00200790859e[CPU0  ] interrupt(): vector must be within IDT table limits, IDT.limit = 0x107
00201319310e[CPU0  ] interrupt(): vector must be within IDT table limits, IDT.limit = 0x107
00201818147e[CPU0  ] interrupt(): vector must be within IDT table limits, IDT.limit = 0x107
00202346598e[CPU0  ] interrupt(): vector must be within IDT table limits, IDT.limit = 0x107
00202845435e[CPU0  ] interrupt(): vector must be within IDT table limits, IDT.limit = 0x107
00203373886e[CPU0  ] interrupt(): vector must be within IDT table limits, IDT.limit = 0x107
00203617587e[CPU0  ] interrupt(): vector must be within IDT table limits, IDT.limit = 0x107
00203861288e[CPU0  ] interrupt(): vector must be within IDT table limits, IDT.limit = 0x107
00204104989e[CPU0  ] interrupt(): vector must be within IDT table limits, IDT.limit = 0x107
00204603826e[CPU0  ] interrupt(): vector must be within IDT table limits, IDT.limit = 0x107
00204847527e[CPU0  ] interrupt(): vector must be within IDT table limits, IDT.limit = 0x107
00205375978e[CPU0  ] interrupt(): vector must be within IDT table limits, IDT.limit = 0x107
00205874815e[CPU0  ] interrupt(): vector must be within IDT table limits, IDT.limit = 0x107
00206403266e[CPU0  ] interrupt(): vector must be within IDT table limits, IDT.limit = 0x107
00206902103e[CPU0  ] interrupt(): vector must be within IDT table limits, IDT.limit = 0x107
00207430554e[CPU0  ] interrupt(): vector must be within IDT table limits, IDT.limit = 0x107
00207929391e[CPU0  ] interrupt(): vector must be within IDT table limits, IDT.limit = 0x107
00208457842e[CPU0  ] interrupt(): vector must be within IDT table limits, IDT.limit = 0x107
00208701543e[CPU0  ] interrupt(): vector must be within IDT table limits, IDT.limit = 0x107
00208945244e[CPU0  ] interrupt(): vector must be within IDT table limits, IDT.limit = 0x107
00209188945e[CPU0  ] interrupt(): vector must be within IDT table limits, IDT.limit = 0x107
00209687782e[CPU0  ] interrupt(): vector must be within IDT table limits, IDT.limit = 0x107
00209931483e[CPU0  ] interrupt(): vector must be within IDT table limits, IDT.limit = 0x107
00210459934e[CPU0  ] interrupt(): vector must be within IDT table limits, IDT.limit = 0x107
00210958771e[CPU0  ] interrupt(): vector must be within IDT table limits, IDT.limit = 0x107
00211487222e[CPU0  ] interrupt(): vector must be within IDT table limits, IDT.limit = 0x107
00211986059e[CPU0  ] interrupt(): vector must be within IDT table limits, IDT.limit = 0x107
00212514510e[CPU0  ] interrupt(): vector must be within IDT table limits, IDT.limit = 0x107
00213013347e[CPU0  ] interrupt(): vector must be within IDT table limits, IDT.limit = 0x107
00213541798e[CPU0  ] interrupt(): vector must be within IDT table limits, IDT.limit = 0x107
00214040635e[CPU0  ] interrupt(): vector must be within IDT table limits, IDT.limit = 0x107
00214569086e[CPU0  ] interrupt(): vector must be within IDT table limits, IDT.limit = 0x107
00214812787e[CPU0  ] interrupt(): vector must be within IDT table limits, IDT.limit = 0x107
00215056488e[CPU0  ] interrupt(): vector must be within IDT table limits, IDT.limit = 0x107
00215300189e[CPU0  ] interrupt(): vector must be within IDT table limits, IDT.limit = 0x107
00215799026e[CPU0  ] interrupt(): vector must be within IDT table limits, IDT.limit = 0x107
00216042727e[CPU0  ] interrupt(): vector must be within IDT table limits, IDT.limit = 0x107
00216571178e[CPU0  ] interrupt(): vector must be within IDT table limits, IDT.limit = 0x107
00217070015e[CPU0  ] interrupt(): vector must be within IDT table limits, IDT.limit = 0x107
00217598466e[CPU0  ] interrupt(): vector must be within IDT table limits, IDT.limit = 0x107
00218097303e[CPU0  ] interrupt(): vector must be within IDT table limits, IDT.limit = 0x107
00218625754e[CPU0  ] interrupt(): vector must be within IDT table limits, IDT.limit = 0x107
00219124591e[CPU0  ] interrupt(): vector must be within IDT table limits, IDT.limit = 0x107
00219653042e[CPU0  ] interrupt(): vector must be within IDT table limits, IDT.limit = 0x107
00219896743e[CPU0  ] interrupt(): vector must be within IDT table limits, IDT.limit = 0x107
00220140444e[CPU0  ] interrupt(): vector must be within IDT table limits, IDT.limit = 0x107
00220384145e[CPU0  ] interrupt(): vector must be within IDT table limits, IDT.limit = 0x107
00220882982e[CPU0  ] interrupt(): vector must be within IDT table limits, IDT.limit = 0x107
00221126683e[CPU0  ] interrupt(): vector must be within IDT table limits, IDT.limit = 0x107
00221655134e[CPU0  ] interrupt(): vector must be within IDT table limits, IDT.limit = 0x107
00222153971e[CPU0  ] interrupt(): vector must be within IDT table limits, IDT.limit = 0x107
00222682422e[CPU0  ] interrupt(): vector must be within IDT table limits, IDT.limit = 0x107
00223181259e[CPU0  ] interrupt(): vector must be within IDT table limits, IDT.limit = 0x107
00223709710e[CPU0  ] interrupt(): vector must be within IDT table limits, IDT.limit = 0x107
00224208547e[CPU0  ] interrupt(): vector must be within IDT table limits, IDT.limit = 0x107
00224736998e[CPU0  ] interrupt(): vector must be within IDT table limits, IDT.limit = 0x107
00225235835e[CPU0  ] interrupt(): vector must be within IDT table limits, IDT.limit = 0x107
00225764286e[CPU0  ] interrupt(): vector must be within IDT table limits, IDT.limit = 0x107
00226007987e[CPU0  ] interrupt(): vector must be within IDT table limits, IDT.limit = 0x107
00226251688e[CPU0  ] interrupt(): vector must be within IDT table limits, IDT.limit = 0x107
00226495389e[CPU0  ] interrupt(): vector must be within IDT table limits, IDT.limit = 0x107
00226994226e[CPU0  ] interrupt(): vector must be within IDT table limits, IDT.limit = 0x107
00227237927e[CPU0  ] interrupt(): vector must be within IDT table limits, IDT.limit = 0x107
00227766378e[CPU0  ] interrupt(): vector must be within IDT table limits, IDT.limit = 0x107
00228265215e[CPU0  ] interrupt(): vector must be within IDT table limits, IDT.limit = 0x107
00228793666e[CPU0  ] interrupt(): vector must be within IDT table limits, IDT.limit = 0x107
00229292503e[CPU0  ] interrupt(): vector must be within IDT table limits, IDT.limit = 0x107
00229820954e[CPU0  ] interrupt(): vector must be within IDT table limits, IDT.limit = 0x107
00230319791e[CPU0  ] interrupt(): vector must be within IDT table limits, IDT.limit = 0x107
00230848242e[CPU0  ] interrupt(): vector must be within IDT table limits, IDT.limit = 0x107
00231091943e[CPU0  ] interrupt(): vector must be within IDT table limits, IDT.limit = 0x107
00231335644e[CPU0  ] interrupt(): vector must be within IDT table limits, IDT.limit = 0x107
00231579345e[CPU0  ] interrupt(): vector must be within IDT table limits, IDT.limit = 0x107
00232078182e[CPU0  ] interrupt(): vector must be within IDT table limits, IDT.limit = 0x107
00232321883e[CPU0  ] interrupt(): vector must be within IDT table limits, IDT.limit = 0x107
00233105470e[CPU0  ] interrupt(): vector must be within IDT table limits, IDT.limit = 0x107
00233349171e[CPU0  ] interrupt(): vector must be within IDT table limits, IDT.limit = 0x107
00233877622e[CPU0  ] interrupt(): vector must be within IDT table limits, IDT.limit = 0x107
00234376459e[CPU0  ] interrupt(): vector must be within IDT table limits, IDT.limit = 0x107
00234904910e[CPU0  ] interrupt(): vector must be within IDT table limits, IDT.limit = 0x107
00235403747e[CPU0  ] interrupt(): vector must be within IDT table limits, IDT.limit = 0x107
00235932198e[CPU0  ] interrupt(): vector must be within IDT table limits, IDT.limit = 0x107
00236431035e[CPU0  ] interrupt(): vector must be within IDT table limits, IDT.limit = 0x107
00236959486e[CPU0  ] interrupt(): vector must be within IDT table limits, IDT.limit = 0x107
00237203187e[CPU0  ] interrupt(): vector must be within IDT table limits, IDT.limit = 0x107
00237446888e[CPU0  ] interrupt(): vector must be within IDT table limits, IDT.limit = 0x107
00237690589e[CPU0  ] interrupt(): vector must be within IDT table limits, IDT.limit = 0x107
00237752000p[XGUI  ] >>PANIC<< POWER button turned off.
00237752000i[CPU0  ] CPU is in protected mode (active)
00237752000i[CPU0  ] CS.mode = 32 bit
00237752000i[CPU0  ] SS.mode = 32 bit
00237752000i[CPU0  ] EFER   = 0x00000000
00237752000i[CPU0  ] | EAX=00000018  EBX=00000f90  ECX=00000008  EDX=00000010
00237752000i[CPU0  ] | ESP=c009ef48  EBP=c009ef94  ESI=000b8fa0  EDI=000b8f00
00237752000i[CPU0  ] | IOPL=0 id vip vif ac vm rf nt of df if tf sf zf AF PF cf
00237752000i[CPU0  ] | SEG sltr(index|ti|rpl)     base    limit G D
00237752000i[CPU0  ] |  CS:0008( 0001| 0|  0) 00000000 ffffffff 1 1
00237752000i[CPU0  ] |  DS:0010( 0002| 0|  0) 00000000 ffffffff 1 1
00237752000i[CPU0  ] |  SS:0010( 0002| 0|  0) 00000000 ffffffff 1 1
00237752000i[CPU0  ] |  ES:0010( 0002| 0|  0) 00000000 ffffffff 1 1
00237752000i[CPU0  ] |  FS:0000( 0000| 0|  0) 00000000 00000000 0 0
00237752000i[CPU0  ] |  GS:0018( 0003| 0|  0) c00b8000 00007fff 1 1
00237752000i[CPU0  ] | EIP=c00015e4 (c00015e4)
00237752000i[CPU0  ] | CR0=0xe0000011 CR2=0x00000000
00237752000i[CPU0  ] | CR3=0x00100000 CR4=0x00000000
00237752000i[CMOS  ] Last time is 1711458517 (Tue Mar 26 21:08:37 2024)
00237752000i[XGUI  ] Exit
00237752000i[SIM   ] quit_sim called with exit code 1
